C:\Bro\Personal\Application\ThirdEyeShots\Source\ThirdEyeShots.Web\ClientApp\dist\out-tsc\e2e\src\app.po.js
C:\Bro\Personal\Application\ThirdEyeShots\Source\ThirdEyeShots.Web\ClientApp\dist\out-tsc\e2e\src\app.po.js.map
C:\Bro\Personal\Application\ThirdEyeShots\Source\ThirdEyeShots.Web\ClientApp\dist\out-tsc\e2e\src\app.e2e-spec.js
C:\Bro\Personal\Application\ThirdEyeShots\Source\ThirdEyeShots.Web\ClientApp\dist\out-tsc\e2e\src\app.e2e-spec.js.map
C:\Bro\Personal\Application\ThirdEyeShots\Source\ThirdEyeShots.Web\ClientApp\dist\out-tsc\src\app\app.component.js
C:\Bro\Personal\Application\ThirdEyeShots\Source\ThirdEyeShots.Web\ClientApp\dist\out-tsc\src\app\app.component.js.map
C:\Bro\Personal\Application\ThirdEyeShots\Source\ThirdEyeShots.Web\ClientApp\dist\out-tsc\src\app\modules\body\components\tes-home\tes-home.component.js
C:\Bro\Personal\Application\ThirdEyeShots\Source\ThirdEyeShots.Web\ClientApp\dist\out-tsc\src\app\modules\body\components\tes-home\tes-home.component.js.map
C:\Bro\Personal\Application\ThirdEyeShots\Source\ThirdEyeShots.Web\ClientApp\dist\out-tsc\src\app\app-routing.module.js
C:\Bro\Personal\Application\ThirdEyeShots\Source\ThirdEyeShots.Web\ClientApp\dist\out-tsc\src\app\app-routing.module.js.map
C:\Bro\Personal\Application\ThirdEyeShots\Source\ThirdEyeShots.Web\ClientApp\dist\out-tsc\src\app\modules\header\models\tes-header.model.js
C:\Bro\Personal\Application\ThirdEyeShots\Source\ThirdEyeShots.Web\ClientApp\dist\out-tsc\src\app\modules\header\models\tes-header.model.js.map
C:\Bro\Personal\Application\ThirdEyeShots\Source\ThirdEyeShots.Web\ClientApp\dist\out-tsc\src\app\modules\header\services\tes-header.service.js
C:\Bro\Personal\Application\ThirdEyeShots\Source\ThirdEyeShots.Web\ClientApp\dist\out-tsc\src\app\modules\header\services\tes-header.service.js.map
C:\Bro\Personal\Application\ThirdEyeShots\Source\ThirdEyeShots.Web\ClientApp\dist\out-tsc\src\app\modules\header\components\tes-header\tes-header.component.js
C:\Bro\Personal\Application\ThirdEyeShots\Source\ThirdEyeShots.Web\ClientApp\dist\out-tsc\src\app\modules\header\components\tes-header\tes-header.component.js.map
C:\Bro\Personal\Application\ThirdEyeShots\Source\ThirdEyeShots.Web\ClientApp\dist\out-tsc\src\app\app.module.js
C:\Bro\Personal\Application\ThirdEyeShots\Source\ThirdEyeShots.Web\ClientApp\dist\out-tsc\src\app\app.module.js.map
C:\Bro\Personal\Application\ThirdEyeShots\Source\ThirdEyeShots.Web\ClientApp\dist\out-tsc\src\environments\environment.js
C:\Bro\Personal\Application\ThirdEyeShots\Source\ThirdEyeShots.Web\ClientApp\dist\out-tsc\src\environments\environment.js.map
C:\Bro\Personal\Application\ThirdEyeShots\Source\ThirdEyeShots.Web\ClientApp\dist\out-tsc\src\main.js
C:\Bro\Personal\Application\ThirdEyeShots\Source\ThirdEyeShots.Web\ClientApp\dist\out-tsc\src\main.js.map
C:\Bro\Personal\Application\ThirdEyeShots\Source\ThirdEyeShots.Web\ClientApp\dist\out-tsc\src\polyfills.js
C:\Bro\Personal\Application\ThirdEyeShots\Source\ThirdEyeShots.Web\ClientApp\dist\out-tsc\src\polyfills.js.map
C:\Bro\Personal\Application\ThirdEyeShots\Source\ThirdEyeShots.Web\ClientApp\dist\out-tsc\src\test.js
C:\Bro\Personal\Application\ThirdEyeShots\Source\ThirdEyeShots.Web\ClientApp\dist\out-tsc\src\test.js.map
C:\Bro\Personal\Application\ThirdEyeShots\Source\ThirdEyeShots.Web\ClientApp\dist\out-tsc\src\environments\environment.prod.js
C:\Bro\Personal\Application\ThirdEyeShots\Source\ThirdEyeShots.Web\ClientApp\dist\out-tsc\src\environments\environment.prod.js.map
